Info: Starting: Create block symbol file (.bsf)
Info: qsys-generate D:\College\CST455\Lab_4\FreeRTOS.qsys --block-symbol-file --output-directory=D:\College\CST455\Lab_4\FreeRTOS --family="Cyclone V" --part=5CSEMA5F31C6
Progress: Loading Lab_4/FreeRTOS.qsys
Progress: Reading input file
Progress: Adding FreeRTOSNios [altera_nios2_gen2 20.1]
Progress: Parameterizing module FreeRTOSNios
Progress: Adding KEYs [altera_avalon_pio 20.1]
Progress: Parameterizing module KEYs
Progress: Adding LEDs [altera_avalon_pio 20.1]
Progress: Parameterizing module LEDs
Progress: Adding clk_0 [clock_source 20.1]
Progress: Parameterizing module clk_0
Progress: Adding clock [altera_up_avalon_sys_sdram_pll 18.0]
Progress: Parameterizing module clock
Progress: Adding jtag_uart_0 [altera_avalon_jtag_uart 20.1]
Progress: Parameterizing module jtag_uart_0
Progress: Adding sdram [altera_avalon_new_sdram_controller 20.1]
Progress: Parameterizing module sdram
Progress: Adding sys_clk [altera_avalon_timer 20.1]
Progress: Parameterizing module sys_clk
Progress: Building connections
Progress: Parameterizing connections
Progress: Validating
Progress: Done reading input file
Info: FreeRTOS.KEYs: PIO inputs are not hardwired in test bench. Undefined values will be read from PIO inputs during simulation.
Info: FreeRTOS.clock: Refclk Freq: 50.0
Info: FreeRTOS.jtag_uart_0: JTAG UART IP input clock need to be at least double (2x) the operating frequency of JTAG TCK on board
Info: FreeRTOS.sdram: SDRAM Controller will only be supported in Quartus Prime Standard Edition in the future release.
Info: qsys-generate succeeded.
Info: Finished: Create block symbol file (.bsf)
Info: 
Info: Starting: Create HDL design files for synthesis
Info: qsys-generate D:\College\CST455\Lab_4\FreeRTOS.qsys --synthesis=VERILOG --output-directory=D:\College\CST455\Lab_4\FreeRTOS\synthesis --family="Cyclone V" --part=5CSEMA5F31C6
Progress: Loading Lab_4/FreeRTOS.qsys
Progress: Reading input file
Progress: Adding FreeRTOSNios [altera_nios2_gen2 20.1]
Progress: Parameterizing module FreeRTOSNios
Progress: Adding KEYs [altera_avalon_pio 20.1]
Progress: Parameterizing module KEYs
Progress: Adding LEDs [altera_avalon_pio 20.1]
Progress: Parameterizing module LEDs
Progress: Adding clk_0 [clock_source 20.1]
Progress: Parameterizing module clk_0
Progress: Adding clock [altera_up_avalon_sys_sdram_pll 18.0]
Progress: Parameterizing module clock
Progress: Adding jtag_uart_0 [altera_avalon_jtag_uart 20.1]
Progress: Parameterizing module jtag_uart_0
Progress: Adding sdram [altera_avalon_new_sdram_controller 20.1]
Progress: Parameterizing module sdram
Progress: Adding sys_clk [altera_avalon_timer 20.1]
Progress: Parameterizing module sys_clk
Progress: Building connections
Progress: Parameterizing connections
Progress: Validating
Progress: Done reading input file
Info: FreeRTOS.KEYs: PIO inputs are not hardwired in test bench. Undefined values will be read from PIO inputs during simulation.
Info: FreeRTOS.clock: Refclk Freq: 50.0
Info: FreeRTOS.jtag_uart_0: JTAG UART IP input clock need to be at least double (2x) the operating frequency of JTAG TCK on board
Info: FreeRTOS.sdram: SDRAM Controller will only be supported in Quartus Prime Standard Edition in the future release.
Info: FreeRTOS: Generating FreeRTOS "FreeRTOS" for QUARTUS_SYNTH
Info: FreeRTOSNios: "FreeRTOS" instantiated altera_nios2_gen2 "FreeRTOSNios"
Info: KEYs: Starting RTL generation for module 'FreeRTOS_KEYs'
Info: KEYs:   Generation command is [exec D:/college/quartus/lite/quartus/bin64/perl/bin/perl.exe -I D:/college/quartus/lite/quartus/bin64/perl/lib -I D:/college/quartus/lite/quartus/sopc_builder/bin/europa -I D:/college/quartus/lite/quartus/sopc_builder/bin -I D:/college/quartus/lite/quartus/../ip/altera/sopc_builder_ip/common -I D:/college/quartus/lite/quartus/../ip/altera/sopc_builder_ip/altera_avalon_pio -- D:/college/quartus/lite/quartus/../ip/altera/sopc_builder_ip/altera_avalon_pio/generate_rtl.pl --name=FreeRTOS_KEYs --dir=C:/Users/Ston/AppData/Local/Temp/alt8557_5516891125476973120.dir/0002_KEYs_gen/ --quartus_dir=D:/college/quartus/lite/quartus --verilog --config=C:/Users/Ston/AppData/Local/Temp/alt8557_5516891125476973120.dir/0002_KEYs_gen//FreeRTOS_KEYs_component_configuration.pl  --do_build_sim=0  ]
Info: KEYs: Done RTL generation for module 'FreeRTOS_KEYs'
Info: KEYs: "FreeRTOS" instantiated altera_avalon_pio "KEYs"
Info: LEDs: Starting RTL generation for module 'FreeRTOS_LEDs'
Info: LEDs:   Generation command is [exec D:/college/quartus/lite/quartus/bin64/perl/bin/perl.exe -I D:/college/quartus/lite/quartus/bin64/perl/lib -I D:/college/quartus/lite/quartus/sopc_builder/bin/europa -I D:/college/quartus/lite/quartus/sopc_builder/bin -I D:/college/quartus/lite/quartus/../ip/altera/sopc_builder_ip/common -I D:/college/quartus/lite/quartus/../ip/altera/sopc_builder_ip/altera_avalon_pio -- D:/college/quartus/lite/quartus/../ip/altera/sopc_builder_ip/altera_avalon_pio/generate_rtl.pl --name=FreeRTOS_LEDs --dir=C:/Users/Ston/AppData/Local/Temp/alt8557_5516891125476973120.dir/0003_LEDs_gen/ --quartus_dir=D:/college/quartus/lite/quartus --verilog --config=C:/Users/Ston/AppData/Local/Temp/alt8557_5516891125476973120.dir/0003_LEDs_gen//FreeRTOS_LEDs_component_configuration.pl  --do_build_sim=0  ]
Info: LEDs: Done RTL generation for module 'FreeRTOS_LEDs'
Info: LEDs: "FreeRTOS" instantiated altera_avalon_pio "LEDs"
Info: clock: "FreeRTOS" instantiated altera_up_avalon_sys_sdram_pll "clock"
Info: jtag_uart_0: Starting RTL generation for module 'FreeRTOS_jtag_uart_0'
Info: jtag_uart_0:   Generation command is [exec D:/college/quartus/lite/quartus/bin64/perl/bin/perl.exe -I D:/college/quartus/lite/quartus/bin64/perl/lib -I D:/college/quartus/lite/quartus/sopc_builder/bin/europa -I D:/college/quartus/lite/quartus/sopc_builder/bin -I D:/college/quartus/lite/quartus/../ip/altera/sopc_builder_ip/common -I D:/college/quartus/lite/quartus/../ip/altera/sopc_builder_ip/altera_avalon_jtag_uart -- D:/college/quartus/lite/quartus/../ip/altera/sopc_builder_ip/altera_avalon_jtag_uart/generate_rtl.pl --name=FreeRTOS_jtag_uart_0 --dir=C:/Users/Ston/AppData/Local/Temp/alt8557_5516891125476973120.dir/0004_jtag_uart_0_gen/ --quartus_dir=D:/college/quartus/lite/quartus --verilog --config=C:/Users/Ston/AppData/Local/Temp/alt8557_5516891125476973120.dir/0004_jtag_uart_0_gen//FreeRTOS_jtag_uart_0_component_configuration.pl  --do_build_sim=0  ]
Info: jtag_uart_0: Done RTL generation for module 'FreeRTOS_jtag_uart_0'
Info: jtag_uart_0: "FreeRTOS" instantiated altera_avalon_jtag_uart "jtag_uart_0"
Info: sdram: Starting RTL generation for module 'FreeRTOS_sdram'
Info: sdram:   Generation command is [exec D:/college/quartus/lite/quartus/bin64/perl/bin/perl.exe -I D:/college/quartus/lite/quartus/bin64/perl/lib -I D:/college/quartus/lite/quartus/sopc_builder/bin/europa -I D:/college/quartus/lite/quartus/sopc_builder/bin -I D:/college/quartus/lite/quartus/../ip/altera/sopc_builder_ip/common -I D:/college/quartus/lite/quartus/../ip/altera/sopc_builder_ip/altera_avalon_new_sdram_controller -- D:/college/quartus/lite/quartus/../ip/altera/sopc_builder_ip/altera_avalon_new_sdram_controller/generate_rtl.pl --name=FreeRTOS_sdram --dir=C:/Users/Ston/AppData/Local/Temp/alt8557_5516891125476973120.dir/0005_sdram_gen/ --quartus_dir=D:/college/quartus/lite/quartus --verilog --config=C:/Users/Ston/AppData/Local/Temp/alt8557_5516891125476973120.dir/0005_sdram_gen//FreeRTOS_sdram_component_configuration.pl  --do_build_sim=0  ]
Info: sdram: Done RTL generation for module 'FreeRTOS_sdram'
Info: sdram: "FreeRTOS" instantiated altera_avalon_new_sdram_controller "sdram"
Info: sys_clk: Starting RTL generation for module 'FreeRTOS_sys_clk'
Info: sys_clk:   Generation command is [exec D:/College/Quartus/Lite/quartus/bin64//perl/bin/perl.exe -I D:/College/Quartus/Lite/quartus/bin64//perl/lib -I D:/college/quartus/lite/quartus/sopc_builder/bin/europa -I D:/college/quartus/lite/quartus/sopc_builder/bin -I D:/college/quartus/lite/quartus/../ip/altera/sopc_builder_ip/common -I D:/college/quartus/lite/quartus/../ip/altera/sopc_builder_ip/altera_avalon_timer -- D:/college/quartus/lite/quartus/../ip/altera/sopc_builder_ip/altera_avalon_timer/generate_rtl.pl --name=FreeRTOS_sys_clk --dir=C:/Users/Ston/AppData/Local/Temp/alt8557_5516891125476973120.dir/0006_sys_clk_gen/ --quartus_dir=D:/college/quartus/lite/quartus --verilog --config=C:/Users/Ston/AppData/Local/Temp/alt8557_5516891125476973120.dir/0006_sys_clk_gen//FreeRTOS_sys_clk_component_configuration.pl  --do_build_sim=0  ]
Info: sys_clk: Done RTL generation for module 'FreeRTOS_sys_clk'
Info: sys_clk: "FreeRTOS" instantiated altera_avalon_timer "sys_clk"
Info: avalon_st_adapter: Inserting error_adapter: error_adapter_0
Info: avalon_st_adapter_001: Inserting error_adapter: error_adapter_0
Info: avalon_st_adapter_002: Inserting error_adapter: error_adapter_0
Info: avalon_st_adapter_003: Inserting error_adapter: error_adapter_0
Info: avalon_st_adapter_004: Inserting error_adapter: error_adapter_0
Info: avalon_st_adapter_005: Inserting error_adapter: error_adapter_0
Info: mm_interconnect_0: "FreeRTOS" instantiated altera_mm_interconnect "mm_interconnect_0"
Info: irq_mapper: "FreeRTOS" instantiated altera_irq_mapper "irq_mapper"
Info: rst_controller: "FreeRTOS" instantiated altera_reset_controller "rst_controller"
Info: cpu: Starting RTL generation for module 'FreeRTOS_FreeRTOSNios_cpu'
Info: cpu:   Generation command is [exec D:/College/Quartus/Lite/quartus/bin64//perl/bin/perl.exe -I D:/College/Quartus/Lite/quartus/bin64//perl/lib -I D:/college/quartus/lite/quartus/sopc_builder/bin/europa -I D:/college/quartus/lite/quartus/sopc_builder/bin -I D:/college/quartus/lite/quartus/../ip/altera/nios2_ip/altera_nios2_gen2/cpu_lib -I D:/college/quartus/lite/quartus/../ip/altera/nios2_ip/altera_nios2_gen2/nios_lib -I D:/college/quartus/lite/quartus/../ip/altera/nios2_ip/altera_nios2_gen2 -I D:/college/quartus/lite/quartus/../ip/altera/nios2_ip/altera_nios2_gen2 -- D:/college/quartus/lite/quartus/../ip/altera/nios2_ip/altera_nios2_gen2/generate_rtl.pl --name=FreeRTOS_FreeRTOSNios_cpu --dir=C:/Users/Ston/AppData/Local/Temp/alt8557_5516891125476973120.dir/0009_cpu_gen/ --quartus_bindir=D:/College/Quartus/Lite/quartus/bin64/ --verilog --config=C:/Users/Ston/AppData/Local/Temp/alt8557_5516891125476973120.dir/0009_cpu_gen//FreeRTOS_FreeRTOSNios_cpu_processor_configuration.pl  --do_build_sim=0  ]
Info: cpu: # 2020.10.21 20:07:25 (*) Starting Nios II generation
Info: cpu: # 2020.10.21 20:07:25 (*)   Elaborating CPU configuration settings
Info: cpu: # 2020.10.21 20:07:25 (*)   Creating all objects for CPU
Info: cpu: # 2020.10.21 20:07:25 (*)     Testbench
Info: cpu: # 2020.10.21 20:07:25 (*)     Instruction decoding
Info: cpu: # 2020.10.21 20:07:25 (*)       Instruction fields
Info: cpu: # 2020.10.21 20:07:25 (*)       Instruction decodes
Info: cpu: # 2020.10.21 20:07:26 (*)       Signals for RTL simulation waveforms
Info: cpu: # 2020.10.21 20:07:26 (*)       Instruction controls
Info: cpu: # 2020.10.21 20:07:26 (*)     Pipeline frontend
Info: cpu: # 2020.10.21 20:07:26 (*)     Pipeline backend
Info: cpu: # 2020.10.21 20:07:28 (*)   Generating RTL from CPU objects
Info: cpu: # 2020.10.21 20:07:28 (*)   Creating plain-text RTL
Info: cpu: # 2020.10.21 20:07:29 (*) Done Nios II generation
Info: cpu: Done RTL generation for module 'FreeRTOS_FreeRTOSNios_cpu'
Info: cpu: "FreeRTOSNios" instantiated altera_nios2_gen2_unit "cpu"
Info: sys_pll: "clock" instantiated altera_pll "sys_pll"
Info: reset_from_locked: "clock" instantiated altera_up_avalon_reset_from_locked_signal "reset_from_locked"
Info: FreeRTOSNios_data_master_translator: "mm_interconnect_0" instantiated altera_merlin_master_translator "FreeRTOSNios_data_master_translator"
Info: jtag_uart_0_avalon_jtag_slave_translator: "mm_interconnect_0" instantiated altera_merlin_slave_translator "jtag_uart_0_avalon_jtag_slave_translator"
Info: FreeRTOSNios_data_master_agent: "mm_interconnect_0" instantiated altera_merlin_master_agent "FreeRTOSNios_data_master_agent"
Info: jtag_uart_0_avalon_jtag_slave_agent: "mm_interconnect_0" instantiated altera_merlin_slave_agent "jtag_uart_0_avalon_jtag_slave_agent"
Info: jtag_uart_0_avalon_jtag_slave_agent_rsp_fifo: "mm_interconnect_0" instantiated altera_avalon_sc_fifo "jtag_uart_0_avalon_jtag_slave_agent_rsp_fifo"
Info: router: "mm_interconnect_0" instantiated altera_merlin_router "router"
Info: router_001: "mm_interconnect_0" instantiated altera_merlin_router "router_001"
Info: router_002: "mm_interconnect_0" instantiated altera_merlin_router "router_002"
Info: router_003: "mm_interconnect_0" instantiated altera_merlin_router "router_003"
Info: router_004: "mm_interconnect_0" instantiated altera_merlin_router "router_004"
Info: FreeRTOSNios_data_master_limiter: "mm_interconnect_0" instantiated altera_merlin_traffic_limiter "FreeRTOSNios_data_master_limiter"
Info: Reusing file D:/College/CST455/Lab_4/FreeRTOS/synthesis/submodules/altera_avalon_sc_fifo.v
Info: sdram_s1_burst_adapter: "mm_interconnect_0" instantiated altera_merlin_burst_adapter "sdram_s1_burst_adapter"
Info: Reusing file D:/College/CST455/Lab_4/FreeRTOS/synthesis/submodules/altera_avalon_st_pipeline_base.v
Info: cmd_demux: "mm_interconnect_0" instantiated altera_merlin_demultiplexer "cmd_demux"
Info: cmd_demux_001: "mm_interconnect_0" instantiated altera_merlin_demultiplexer "cmd_demux_001"
Info: cmd_mux: "mm_interconnect_0" instantiated altera_merlin_multiplexer "cmd_mux"
Info: cmd_mux_001: "mm_interconnect_0" instantiated altera_merlin_multiplexer "cmd_mux_001"
Info: Reusing file D:/College/CST455/Lab_4/FreeRTOS/synthesis/submodules/altera_merlin_arbitrator.sv
Info: rsp_demux: "mm_interconnect_0" instantiated altera_merlin_demultiplexer "rsp_demux"
Info: rsp_demux_001: "mm_interconnect_0" instantiated altera_merlin_demultiplexer "rsp_demux_001"
Info: rsp_mux: "mm_interconnect_0" instantiated altera_merlin_multiplexer "rsp_mux"
Info: Reusing file D:/College/CST455/Lab_4/FreeRTOS/synthesis/submodules/altera_merlin_arbitrator.sv
Info: rsp_mux_001: "mm_interconnect_0" instantiated altera_merlin_multiplexer "rsp_mux_001"
Info: Reusing file D:/College/CST455/Lab_4/FreeRTOS/synthesis/submodules/altera_merlin_arbitrator.sv
Info: sdram_s1_rsp_width_adapter: "mm_interconnect_0" instantiated altera_merlin_width_adapter "sdram_s1_rsp_width_adapter"
Info: Reusing file D:/College/CST455/Lab_4/FreeRTOS/synthesis/submodules/altera_merlin_address_alignment.sv
Info: Reusing file D:/College/CST455/Lab_4/FreeRTOS/synthesis/submodules/altera_merlin_burst_uncompressor.sv
Info: avalon_st_adapter: "mm_interconnect_0" instantiated altera_avalon_st_adapter "avalon_st_adapter"
Info: avalon_st_adapter_002: "mm_interconnect_0" instantiated altera_avalon_st_adapter "avalon_st_adapter_002"
Info: error_adapter_0: "avalon_st_adapter" instantiated error_adapter "error_adapter_0"
Info: error_adapter_0: "avalon_st_adapter_002" instantiated error_adapter "error_adapter_0"
Info: FreeRTOS: Done "FreeRTOS" with 39 modules, 68 files
Info: qsys-generate succeeded.
Info: Finished: Create HDL design files for synthesis
