IP Upgrade report for soc_system
Sat Oct 10 13:49:46 2020
Quartus Prime Version 20.1.0 Build 711 06/05/2020 SJ Standard Edition


---------------------
; Table of Contents ;
---------------------
  1. Legal Notice
  2. IP Upgrade Summary
  3. Successfully Upgraded IP Components
  4. IP Upgrade Messages



----------------
; Legal Notice ;
----------------
Copyright (C) 2020  Intel Corporation. All rights reserved.
Your use of Intel Corporation's design tools, logic functions 
and other software and tools, and any partner logic 
functions, and any output files from any of the foregoing 
(including device programming or simulation files), and any 
associated documentation or information are expressly subject 
to the terms and conditions of the Intel Program License 
Subscription Agreement, the Intel Quartus Prime License Agreement,
the Intel FPGA IP License Agreement, or other applicable license
agreement, including, without limitation, that your use is for
the sole purpose of programming logic devices manufactured by
Intel and sold by Intel or its authorized distributors.  Please
refer to the applicable agreement for further details, at
https://fpgasoftware.intel.com/eula.



+--------------------------------------------------------------------------------+
; IP Upgrade Summary                                                             ;
+------------------------------+-------------------------------------------------+
; IP Components Upgrade Status ; Passed - Sat Oct 10 13:49:46 2020               ;
; Quartus Prime Version        ; 20.1.0 Build 711 06/05/2020 SJ Standard Edition ;
; Revision Name                ; soc_system                                      ;
; Top-level Entity Name        ; ghrd_top                                        ;
; Family                       ; Cyclone V                                       ;
+------------------------------+-------------------------------------------------+


+-----------------------------------------------------------------------------------------------------------------------------------------------------------------------------+
; Successfully Upgraded IP Components                                                                                                                                         ;
+-------------+------------------------------+---------+-------------------------------------+--------------------------------+-------------------------------------+---------+
; Entity Name ; Component Name               ; Version ; Original Source File                ; Generation File Path           ; New Source File                     ; Message ;
+-------------+------------------------------+---------+-------------------------------------+--------------------------------+-------------------------------------+---------+
; hps_reset   ; In-System Sources and Probes ; 13.1    ; ip/altsource_probe/hps_reset.qip    ; ip/altsource_probe/hps_reset.v ; ip/altsource_probe/hps_reset.qip    ;         ;
; soc_system  ; Qsys                         ; 16.0    ; soc_system/synthesis/soc_system.qip ; soc_system.qsys                ; soc_system/synthesis/soc_system.qip ;         ;
+-------------+------------------------------+---------+-------------------------------------+--------------------------------+-------------------------------------+---------+


+---------------------+
; IP Upgrade Messages ;
+---------------------+
Info (11902): Backing up file "ip/altsource_probe/hps_reset.v" to "ip/altsource_probe/hps_reset.BAK.v"
Info (11837): Started upgrading IP component In-System Sources and Probes with file "ip/altsource_probe/hps_reset.v"
Info (11902): Backing up file "soc_system.qsys" to "soc_system.BAK.qsys"
Info (11902): Backing up file "soc_system/synthesis/soc_system.v" to "soc_system.BAK.v"
Info (11837): Started upgrading IP component Qsys with file "soc_system.qsys"
Info: 2020.10.10.13:45:13 Info: Starting to upgrade the IP cores in the Platform Designer system
Info: 2020.10.10.13:45:13 Info: Finished upgrading the ip cores
Info: 2020.10.10.13:45:41 Info: Saving generation log to C:/Users/troy/Desktop/my_first_hps-fpga_base/soc_system
Info: 2020.10.10.13:45:41 Info: Starting: Create simulation model
Info: 2020.10.10.13:45:41 Info: qsys-generate C:\Users\troy\Desktop\my_first_hps-fpga_base\soc_system.qsys --simulation=VERILOG --allow-mixed-language-simulation --output-directory=C:\Users\troy\Desktop\my_first_hps-fpga_base\soc_system\simulation --family="Cyclone V" --part=5CSEMA5F31C6
Info: 2020.10.10.13:45:41 Info: Loading my_first_hps-fpga_base
Info: 2020.10.10.13:45:42 Info: Reading input file
Info: 2020.10.10.13:45:42 Info: Adding clk_0 [clock_source 20.1]
Info: 2020.10.10.13:45:42 Info: Parameterizing module clk_0
Info: 2020.10.10.13:45:42 Info: Adding fpga_only_master [altera_jtag_avalon_master 20.1]
Info: 2020.10.10.13:45:42 Info: Parameterizing module fpga_only_master
Info: 2020.10.10.13:45:42 Info: Adding hps_0 [altera_hps 20.1]
Info: 2020.10.10.13:45:42 Info: Parameterizing module hps_0
Info: 2020.10.10.13:45:42 Info: Adding hps_only_master [altera_jtag_avalon_master 20.1]
Info: 2020.10.10.13:45:42 Info: Parameterizing module hps_only_master
Info: 2020.10.10.13:45:42 Info: Adding intr_capturer_0 [intr_capturer 100.99.98.97]
Info: 2020.10.10.13:45:42 Info: Parameterizing module intr_capturer_0
Info: 2020.10.10.13:45:42 Info: Adding jtag_uart [altera_avalon_jtag_uart 20.1]
Info: 2020.10.10.13:45:42 Info: Parameterizing module jtag_uart
Info: 2020.10.10.13:45:42 Info: Adding onchip_memory2_0 [altera_avalon_onchip_memory2 20.1]
Info: 2020.10.10.13:45:42 Info: Parameterizing module onchip_memory2_0
Info: 2020.10.10.13:45:42 Info: Adding sysid_qsys [altera_avalon_sysid_qsys 20.1]
Info: 2020.10.10.13:45:42 Info: Parameterizing module sysid_qsys
Info: 2020.10.10.13:45:42 Info: Building connections
Info: 2020.10.10.13:45:42 Info: Parameterizing connections
Info: 2020.10.10.13:45:42 Info: Validating
Info: 2020.10.10.13:45:56 Info: Done reading input file
Info: 2020.10.10.13:46:03 Info: soc_system.hps_0: HPS Main PLL counter settings: n = 0  m = 73
Info: 2020.10.10.13:46:03 Info: soc_system.hps_0: HPS peripherial PLL counter settings: n = 0  m = 39
Warning: 2020.10.10.13:46:03 Warning: soc_system.hps_0: "QSPI clock frequency" (desired_qspi_clk_mhz) requested 400.0 MHz, but only achieved 370.0 MHz
Warning: 2020.10.10.13:46:03 Warning: soc_system.hps_0: 1 or more output clock frequencies cannot be achieved precisely, consider revising desired output clock frequencies.
Info: 2020.10.10.13:46:03 Info: soc_system.jtag_uart: JTAG UART IP input clock need to be at least double (2x) the operating frequency of JTAG TCK on board
Info: 2020.10.10.13:46:03 Info: soc_system.sysid_qsys: System ID is not assigned automatically. Edit the System ID parameter to provide a unique ID
Info: 2020.10.10.13:46:03 Info: soc_system.sysid_qsys: Time stamp will be automatically updated when this component is generated.
Info: 2020.10.10.13:46:05 Info: soc_system: Generating soc_system "soc_system" for SIM_VERILOG
Info: 2020.10.10.13:46:19 Info: Interconnect is inserted between master hps_only_master.master and slave hps_0.f2h_axi_slave because the master is of type avalon and the slave is of type axi.
Warning: 2020.10.10.13:46:20 Warning: hps_0.f2h_irq0: Cannot connect clock for irq_mapper.sender
Warning: 2020.10.10.13:46:20 Warning: hps_0.f2h_irq0: Cannot connect reset for irq_mapper.sender
Warning: 2020.10.10.13:46:20 Warning: hps_0.f2h_irq1: Cannot connect clock for irq_mapper_001.sender
Warning: 2020.10.10.13:46:20 Warning: hps_0.f2h_irq1: Cannot connect reset for irq_mapper_001.sender
Info: 2020.10.10.13:46:34 Info: fpga_only_master: "soc_system" instantiated altera_jtag_avalon_master "fpga_only_master"
Info: 2020.10.10.13:46:34 Info: hps_0: "Running  for module: hps_0"
Info: 2020.10.10.13:46:34 Info: hps_0: HPS Main PLL counter settings: n = 0  m = 73
Info: 2020.10.10.13:46:35 Info: hps_0: HPS peripherial PLL counter settings: n = 0  m = 39
Warning: 2020.10.10.13:46:35 Warning: hps_0: "QSPI clock frequency" (desired_qspi_clk_mhz) requested 400.0 MHz, but only achieved 370.0 MHz
Warning: 2020.10.10.13:46:35 Warning: hps_0: 1 or more output clock frequencies cannot be achieved precisely, consider revising desired output clock frequencies.
Info: 2020.10.10.13:46:42 Info: hps_0: "soc_system" instantiated altera_hps "hps_0"
Info: 2020.10.10.13:46:42 Info: intr_capturer_0: "soc_system" instantiated intr_capturer "intr_capturer_0"
Info: 2020.10.10.13:46:42 Info: jtag_uart: Starting RTL generation for module 'soc_system_jtag_uart'
Info: 2020.10.10.13:46:42 Info: jtag_uart:   Generation command is [exec C:/intelfpga/20.1/quartus/bin64/perl/bin/perl.exe -I C:/intelfpga/20.1/quartus/bin64/perl/lib -I C:/intelfpga/20.1/quartus/sopc_builder/bin/europa -I C:/intelfpga/20.1/quartus/sopc_builder/bin -I C:/intelfpga/20.1/quartus/../ip/altera/sopc_builder_ip/common -I C:/intelfpga/20.1/quartus/../ip/altera/sopc_builder_ip/altera_avalon_jtag_uart -- C:/intelfpga/20.1/quartus/../ip/altera/sopc_builder_ip/altera_avalon_jtag_uart/generate_rtl.pl --name=soc_system_jtag_uart --dir=C:/Users/troy/AppData/Local/Temp/alt8545_2995598998477360313.dir/0003_jtag_uart_gen/ --quartus_dir=C:/intelfpga/20.1/quartus --verilog --config=C:/Users/troy/AppData/Local/Temp/alt8545_2995598998477360313.dir/0003_jtag_uart_gen//soc_system_jtag_uart_component_configuration.pl  --do_build_sim=1    --sim_dir=C:/Users/troy/AppData/Local/Temp/alt8545_2995598998477360313.dir/0003_jtag_uart_gen
Info: 2020.10.10.13:46:42 Info: jtag_uart: Done RTL generation for module 'soc_system_jtag_uart'
Info: 2020.10.10.13:46:42 Info: jtag_uart: "soc_system" instantiated altera_avalon_jtag_uart "jtag_uart"
Info: 2020.10.10.13:46:42 Info: onchip_memory2_0: Starting RTL generation for module 'soc_system_onchip_memory2_0'
Info: 2020.10.10.13:46:42 Info: onchip_memory2_0:   Generation command is [exec C:/intelfpga/20.1/quartus/bin64/perl/bin/perl.exe -I C:/intelfpga/20.1/quartus/bin64/perl/lib -I C:/intelfpga/20.1/quartus/sopc_builder/bin/europa -I C:/intelfpga/20.1/quartus/sopc_builder/bin -I C:/intelfpga/20.1/quartus/../ip/altera/sopc_builder_ip/common -I C:/intelfpga/20.1/quartus/../ip/altera/sopc_builder_ip/altera_avalon_onchip_memory2 -- C:/intelfpga/20.1/quartus/../ip/altera/sopc_builder_ip/altera_avalon_onchip_memory2/generate_rtl.pl --name=soc_system_onchip_memory2_0 --dir=C:/Users/troy/AppData/Local/Temp/alt8545_2995598998477360313.dir/0004_onchip_memory2_0_gen/ --quartus_dir=C:/intelfpga/20.1/quartus --verilog --config=C:/Users/troy/AppData/Local/Temp/alt8545_2995598998477360313.dir/0004_onchip_memory2_0_gen//soc_system_onchip_memory2_0_component_configuration.pl  --do_build_sim=1    --sim_dir=C:/Users/troy/AppData/Local/Temp/alt8545_2995598998477360313.dir/0004_onchip_memory2_0_gen
Info: 2020.10.10.13:46:43 Info: onchip_memory2_0: Done RTL generation for module 'soc_system_onchip_memory2_0'
Info: 2020.10.10.13:46:43 Info: onchip_memory2_0: "soc_system" instantiated altera_avalon_onchip_memory2 "onchip_memory2_0"
Info: 2020.10.10.13:46:43 Info: sysid_qsys: "soc_system" instantiated altera_avalon_sysid_qsys "sysid_qsys"
Info: 2020.10.10.13:46:52 Info: avalon_st_adapter: Inserting error_adapter: error_adapter_0
Info: 2020.10.10.13:46:53 Info: avalon_st_adapter_001: Inserting error_adapter: error_adapter_0
Info: 2020.10.10.13:46:54 Info: avalon_st_adapter_002: Inserting error_adapter: error_adapter_0
Info: 2020.10.10.13:46:55 Info: avalon_st_adapter_003: Inserting error_adapter: error_adapter_0
Info: 2020.10.10.13:47:01 Info: mm_interconnect_0: "soc_system" instantiated altera_mm_interconnect "mm_interconnect_0"
Info: 2020.10.10.13:47:05 Info: mm_interconnect_1: "soc_system" instantiated altera_mm_interconnect "mm_interconnect_1"
Info: 2020.10.10.13:47:05 Info: irq_mapper: "soc_system" instantiated altera_irq_mapper "irq_mapper"
Info: 2020.10.10.13:47:05 Info: irq_mapper_001: "soc_system" instantiated altera_irq_mapper "irq_mapper_001"
Info: 2020.10.10.13:47:05 Info: rst_controller: "soc_system" instantiated altera_reset_controller "rst_controller"
Info: 2020.10.10.13:47:05 Info: jtag_phy_embedded_in_jtag_master: "fpga_only_master" instantiated altera_jtag_dc_streaming "jtag_phy_embedded_in_jtag_master"
Info: 2020.10.10.13:47:05 Info: timing_adt: "fpga_only_master" instantiated timing_adapter "timing_adt"
Info: 2020.10.10.13:47:05 Info: fifo: "fpga_only_master" instantiated altera_avalon_sc_fifo "fifo"
Info: 2020.10.10.13:47:05 Info: b2p: "fpga_only_master" instantiated altera_avalon_st_bytes_to_packets "b2p"
Info: 2020.10.10.13:47:05 Info: p2b: "fpga_only_master" instantiated altera_avalon_st_packets_to_bytes "p2b"
Info: 2020.10.10.13:47:05 Info: transacto: "fpga_only_master" instantiated altera_avalon_packets_to_master "transacto"
Info: 2020.10.10.13:47:05 Info: b2p_adapter: "fpga_only_master" instantiated channel_adapter "b2p_adapter"
Info: 2020.10.10.13:47:05 Info: p2b_adapter: "fpga_only_master" instantiated channel_adapter "p2b_adapter"
Info: 2020.10.10.13:47:05 Info: fpga_interfaces: "hps_0" instantiated altera_interface_generator "fpga_interfaces"
Info: 2020.10.10.13:47:08 Info: hps_io: "hps_0" instantiated altera_hps_io "hps_io"
Info: 2020.10.10.13:47:08 Info: fpga_only_master_master_translator: "mm_interconnect_0" instantiated altera_merlin_master_translator "fpga_only_master_master_translator"
Info: 2020.10.10.13:47:08 Info: onchip_memory2_0_s1_translator: "mm_interconnect_0" instantiated altera_merlin_slave_translator "onchip_memory2_0_s1_translator"
Info: 2020.10.10.13:47:08 Info: hps_0_h2f_axi_master_agent: "mm_interconnect_0" instantiated altera_merlin_axi_master_ni "hps_0_h2f_axi_master_agent"
Info: 2020.10.10.13:47:08 Info: fpga_only_master_master_agent: "mm_interconnect_0" instantiated altera_merlin_master_agent "fpga_only_master_master_agent"
Info: 2020.10.10.13:47:08 Info: onchip_memory2_0_s1_agent: "mm_interconnect_0" instantiated altera_merlin_slave_agent "onchip_memory2_0_s1_agent"
Info: 2020.10.10.13:47:08 Info: router: "mm_interconnect_0" instantiated altera_merlin_router "router"
Info: 2020.10.10.13:47:08 Info: router_002: "mm_interconnect_0" instantiated altera_merlin_router "router_002"
Info: 2020.10.10.13:47:08 Info: router_003: "mm_interconnect_0" instantiated altera_merlin_router "router_003"
Info: 2020.10.10.13:47:08 Info: router_005: "mm_interconnect_0" instantiated altera_merlin_router "router_005"
Info: 2020.10.10.13:47:08 Info: router_006: "mm_interconnect_0" instantiated altera_merlin_router "router_006"
Info: 2020.10.10.13:47:08 Info: router_007: "mm_interconnect_0" instantiated altera_merlin_router "router_007"
Info: 2020.10.10.13:47:08 Info: fpga_only_master_master_limiter: "mm_interconnect_0" instantiated altera_merlin_traffic_limiter "fpga_only_master_master_limiter"
Info: 2020.10.10.13:47:08 Info: Reusing file C:/Users/troy/Desktop/my_first_hps-fpga_base/soc_system/simulation/submodules
Info: 2020.10.10.13:47:08 Info: Reusing file C:/Users/troy/Desktop/my_first_hps-fpga_base/soc_system/simulation/submodules
Info: 2020.10.10.13:47:08 Info: onchip_memory2_0_s1_burst_adapter: "mm_interconnect_0" instantiated altera_merlin_burst_adapter "onchip_memory2_0_s1_burst_adapter"
Info: 2020.10.10.13:47:08 Info: Reusing file C:/Users/troy/Desktop/my_first_hps-fpga_base/soc_system/simulation/submodules
Info: 2020.10.10.13:47:08 Info: Reusing file C:/Users/troy/Desktop/my_first_hps-fpga_base/soc_system/simulation/submodules
Info: 2020.10.10.13:47:08 Info: Reusing file C:/Users/troy/Desktop/my_first_hps-fpga_base/soc_system/simulation/submodules
Info: 2020.10.10.13:47:08 Info: cmd_demux: "mm_interconnect_0" instantiated altera_merlin_demultiplexer "cmd_demux"
Info: 2020.10.10.13:47:08 Info: cmd_demux_002: "mm_interconnect_0" instantiated altera_merlin_demultiplexer "cmd_demux_002"
Info: 2020.10.10.13:47:08 Info: cmd_demux_003: "mm_interconnect_0" instantiated altera_merlin_demultiplexer "cmd_demux_003"
Info: 2020.10.10.13:47:08 Info: cmd_mux: "mm_interconnect_0" instantiated altera_merlin_multiplexer "cmd_mux"
Info: 2020.10.10.13:47:08 Info: cmd_mux_001: "mm_interconnect_0" instantiated altera_merlin_multiplexer "cmd_mux_001"
Info: 2020.10.10.13:47:08 Info: Reusing file C:/Users/troy/Desktop/my_first_hps-fpga_base/soc_system/simulation/submodules
Info: 2020.10.10.13:47:08 Info: cmd_mux_002: "mm_interconnect_0" instantiated altera_merlin_multiplexer "cmd_mux_002"
Info: 2020.10.10.13:47:08 Info: Reusing file C:/Users/troy/Desktop/my_first_hps-fpga_base/soc_system/simulation/submodules
Info: 2020.10.10.13:47:08 Info: rsp_demux: "mm_interconnect_0" instantiated altera_merlin_demultiplexer "rsp_demux"
Info: 2020.10.10.13:47:08 Info: rsp_demux_001: "mm_interconnect_0" instantiated altera_merlin_demultiplexer "rsp_demux_001"
Info: 2020.10.10.13:47:08 Info: rsp_demux_002: "mm_interconnect_0" instantiated altera_merlin_demultiplexer "rsp_demux_002"
Info: 2020.10.10.13:47:08 Info: rsp_mux: "mm_interconnect_0" instantiated altera_merlin_multiplexer "rsp_mux"
Info: 2020.10.10.13:47:08 Info: Reusing file C:/Users/troy/Desktop/my_first_hps-fpga_base/soc_system/simulation/submodules
Info: 2020.10.10.13:47:08 Info: rsp_mux_002: "mm_interconnect_0" instantiated altera_merlin_multiplexer "rsp_mux_002"
Info: 2020.10.10.13:47:08 Info: Reusing file C:/Users/troy/Desktop/my_first_hps-fpga_base/soc_system/simulation/submodules
Info: 2020.10.10.13:47:08 Info: rsp_mux_003: "mm_interconnect_0" instantiated altera_merlin_multiplexer "rsp_mux_003"
Info: 2020.10.10.13:47:08 Info: Reusing file C:/Users/troy/Desktop/my_first_hps-fpga_base/soc_system/simulation/submodules
Info: 2020.10.10.13:47:08 Info: fpga_only_master_master_to_onchip_memory2_0_s1_cmd_width_adapter: "mm_interconnect_0" instantiated altera_merlin_width_adapter "fpga_only_master_master_to_onchip_memory2_0_s1_cmd_width_adapter"
Info: 2020.10.10.13:47:08 Info: Reusing file C:/Users/troy/Desktop/my_first_hps-fpga_base/soc_system/simulation/submodules
Info: 2020.10.10.13:47:08 Info: Reusing file C:/Users/troy/Desktop/my_first_hps-fpga_base/soc_system/simulation/submodules
Info: 2020.10.10.13:47:11 Info: avalon_st_adapter: "mm_interconnect_0" instantiated altera_avalon_st_adapter "avalon_st_adapter"
Info: 2020.10.10.13:47:13 Info: avalon_st_adapter_001: "mm_interconnect_0" instantiated altera_avalon_st_adapter "avalon_st_adapter_001"
Info: 2020.10.10.13:47:13 Info: hps_0_f2h_axi_slave_agent: "mm_interconnect_1" instantiated altera_merlin_axi_slave_ni "hps_0_f2h_axi_slave_agent"
Info: 2020.10.10.13:47:13 Info: Reusing file C:/Users/troy/Desktop/my_first_hps-fpga_base/soc_system/simulation/submodules
Info: 2020.10.10.13:47:13 Info: Reusing file C:/Users/troy/Desktop/my_first_hps-fpga_base/soc_system/simulation/submodules
Info: 2020.10.10.13:47:13 Info: Reusing file C:/Users/troy/Desktop/my_first_hps-fpga_base/soc_system/simulation/submodules
Info: 2020.10.10.13:47:13 Info: router: "mm_interconnect_1" instantiated altera_merlin_router "router"
Info: 2020.10.10.13:47:13 Info: router_001: "mm_interconnect_1" instantiated altera_merlin_router "router_001"
Info: 2020.10.10.13:47:13 Info: cmd_demux: "mm_interconnect_1" instantiated altera_merlin_demultiplexer "cmd_demux"
Info: 2020.10.10.13:47:13 Info: cmd_mux: "mm_interconnect_1" instantiated altera_merlin_multiplexer "cmd_mux"
Info: 2020.10.10.13:47:13 Info: Reusing file C:/Users/troy/Desktop/my_first_hps-fpga_base/soc_system/simulation/submodules
Info: 2020.10.10.13:47:13 Info: rsp_demux: "mm_interconnect_1" instantiated altera_merlin_demultiplexer "rsp_demux"
Info: 2020.10.10.13:47:13 Info: rsp_mux: "mm_interconnect_1" instantiated altera_merlin_multiplexer "rsp_mux"
Info: 2020.10.10.13:47:13 Info: Reusing file C:/Users/troy/Desktop/my_first_hps-fpga_base/soc_system/simulation/submodules
Info: 2020.10.10.13:47:13 Info: border: "hps_io" instantiated altera_interface_generator "border"
Info: 2020.10.10.13:47:13 Info: Reusing file C:/Users/troy/Desktop/my_first_hps-fpga_base/soc_system/simulation/submodules
Info: 2020.10.10.13:47:13 Info: Reusing file C:/Users/troy/Desktop/my_first_hps-fpga_base/soc_system/simulation/submodules
Info: 2020.10.10.13:47:13 Info: Reusing file C:/Users/troy/Desktop/my_first_hps-fpga_base/soc_system/simulation/submodules
Info: 2020.10.10.13:47:13 Info: Reusing file C:/Users/troy/Desktop/my_first_hps-fpga_base/soc_system/simulation/submodules
Info: 2020.10.10.13:47:13 Info: Reusing file C:/Users/troy/Desktop/my_first_hps-fpga_base/soc_system/simulation/submodules
Info: 2020.10.10.13:47:13 Info: Reusing file C:/Users/troy/Desktop/my_first_hps-fpga_base/soc_system/simulation/submodules
Info: 2020.10.10.13:47:13 Info: Reusing file C:/Users/troy/Desktop/my_first_hps-fpga_base/soc_system/simulation/submodules
Info: 2020.10.10.13:47:13 Info: error_adapter_0: "avalon_st_adapter" instantiated error_adapter "error_adapter_0"
Info: 2020.10.10.13:47:13 Info: error_adapter_0: "avalon_st_adapter_001" instantiated error_adapter "error_adapter_0"
Info: 2020.10.10.13:47:13 Info: soc_system: Done "soc_system" with 60 modules, 100 files
Info: 2020.10.10.13:47:13 Info: qsys-generate succeeded.
Info: 2020.10.10.13:47:13 Info: Finished: Create simulation model
Info: 2020.10.10.13:47:13 Info: Starting: Create Modelsim Project.
Info: 2020.10.10.13:47:13 Info: sim-script-gen --spd=C:\Users\troy\Desktop\my_first_hps-fpga_base\soc_system\soc_system.spd --output-directory=C:/Users/troy/Desktop/my_first_hps-fpga_base/soc_system/simulation
Info: 2020.10.10.13:47:13 Info: Doing: ip-make-simscript --spd=C:\Users\troy\Desktop\my_first_hps-fpga_base\soc_system\soc_system.spd --output-directory=C:/Users/troy/Desktop/my_first_hps-fpga_base/soc_system/simulation
Info: 2020.10.10.13:47:15 Info: Generating the following file(s) for MODELSIM simulator in C:/Users/troy/Desktop/my_first_hps-fpga_base/soc_system/simulation
Info: 2020.10.10.13:47:15 Info:     mentor
Info: 2020.10.10.13:47:15 Info: Generating the following file(s) for VCS simulator in C:/Users/troy/Desktop/my_first_hps-fpga_base/soc_system/simulation
Info: 2020.10.10.13:47:15 Info:     synopsys/vcs
Info: 2020.10.10.13:47:15 Info: Generating the following file(s) for VCSMX simulator in C:/Users/troy/Desktop/my_first_hps-fpga_base/soc_system/simulation
Info: 2020.10.10.13:47:15 Info:     synopsys/vcsmx
Info: 2020.10.10.13:47:15 Info:     synopsys/vcsmx
Info: 2020.10.10.13:47:15 Info: Generating the following file(s) for NCSIM simulator in C:/Users/troy/Desktop/my_first_hps-fpga_base/soc_system/simulation
Info: 2020.10.10.13:47:15 Info:     cadence
Info: 2020.10.10.13:47:15 Info:     cadence
Info: 2020.10.10.13:47:15 Info:     cadence
Info: 2020.10.10.13:47:15 Info:     54 .cds.lib files in cadence/cds_libs
Info: 2020.10.10.13:47:15 Info: Generating the following file(s) for RIVIERA simulator in C:/Users/troy/Desktop/my_first_hps-fpga_base/soc_system/simulation
Info: 2020.10.10.13:47:15 Info:     aldec
Info: 2020.10.10.13:47:15 Info: For information on how to simulate your IP, see the explanatory comments in the simulator-specific subdirectories under C:/Users/troy/Desktop/my_first_hps-fpga_base/soc_system/simulation
Info: 2020.10.10.13:47:15 Info: Regenerate these scripts whenever you make any change to any Quartus-generated IP in your project.
Info: 2020.10.10.13:47:15 Info: Finished: Create Modelsim Project.
Info: 2020.10.10.13:47:15 Info: Starting: Create block symbol file (.bsf)
Info: 2020.10.10.13:47:15 Info: qsys-generate C:\Users\troy\Desktop\my_first_hps-fpga_base\soc_system.qsys --block-symbol-file --output-directory=C:\Users\troy\Desktop\my_first_hps-fpga_base\soc_system --family="Cyclone V" --part=5CSEMA5F31C6
Info: 2020.10.10.13:47:15 Info: Loading my_first_hps-fpga_base
Info: 2020.10.10.13:47:16 Info: Reading input file
Info: 2020.10.10.13:47:16 Info: Adding clk_0 [clock_source 20.1]
Info: 2020.10.10.13:47:16 Info: Parameterizing module clk_0
Info: 2020.10.10.13:47:16 Info: Adding fpga_only_master [altera_jtag_avalon_master 20.1]
Info: 2020.10.10.13:47:16 Info: Parameterizing module fpga_only_master
Info: 2020.10.10.13:47:16 Info: Adding hps_0 [altera_hps 20.1]
Info: 2020.10.10.13:47:16 Info: Parameterizing module hps_0
Info: 2020.10.10.13:47:16 Info: Adding hps_only_master [altera_jtag_avalon_master 20.1]
Info: 2020.10.10.13:47:16 Info: Parameterizing module hps_only_master
Info: 2020.10.10.13:47:16 Info: Adding intr_capturer_0 [intr_capturer 100.99.98.97]
Info: 2020.10.10.13:47:16 Info: Parameterizing module intr_capturer_0
Info: 2020.10.10.13:47:16 Info: Adding jtag_uart [altera_avalon_jtag_uart 20.1]
Info: 2020.10.10.13:47:16 Info: Parameterizing module jtag_uart
Info: 2020.10.10.13:47:16 Info: Adding onchip_memory2_0 [altera_avalon_onchip_memory2 20.1]
Info: 2020.10.10.13:47:16 Info: Parameterizing module onchip_memory2_0
Info: 2020.10.10.13:47:16 Info: Adding sysid_qsys [altera_avalon_sysid_qsys 20.1]
Info: 2020.10.10.13:47:16 Info: Parameterizing module sysid_qsys
Info: 2020.10.10.13:47:16 Info: Building connections
Info: 2020.10.10.13:47:16 Info: Parameterizing connections
Info: 2020.10.10.13:47:16 Info: Validating
Info: 2020.10.10.13:47:30 Info: Done reading input file
Info: 2020.10.10.13:47:38 Info: soc_system.hps_0: HPS Main PLL counter settings: n = 0  m = 73
Info: 2020.10.10.13:47:38 Info: soc_system.hps_0: HPS peripherial PLL counter settings: n = 0  m = 39
Warning: 2020.10.10.13:47:38 Warning: soc_system.hps_0: "QSPI clock frequency" (desired_qspi_clk_mhz) requested 400.0 MHz, but only achieved 370.0 MHz
Warning: 2020.10.10.13:47:38 Warning: soc_system.hps_0: 1 or more output clock frequencies cannot be achieved precisely, consider revising desired output clock frequencies.
Info: 2020.10.10.13:47:38 Info: soc_system.jtag_uart: JTAG UART IP input clock need to be at least double (2x) the operating frequency of JTAG TCK on board
Info: 2020.10.10.13:47:38 Info: soc_system.sysid_qsys: System ID is not assigned automatically. Edit the System ID parameter to provide a unique ID
Info: 2020.10.10.13:47:38 Info: soc_system.sysid_qsys: Time stamp will be automatically updated when this component is generated.
Info: 2020.10.10.13:47:39 Info: qsys-generate succeeded.
Info: 2020.10.10.13:47:39 Info: Finished: Create block symbol file (.bsf)
Info: 2020.10.10.13:47:39 Info:
Info: 2020.10.10.13:47:39 Info: Starting: Create HDL design files for synthesis
Info: 2020.10.10.13:47:39 Info: qsys-generate C:\Users\troy\Desktop\my_first_hps-fpga_base\soc_system.qsys --synthesis=VERILOG --output-directory=C:\Users\troy\Desktop\my_first_hps-fpga_base\soc_system\synthesis --family="Cyclone V" --part=5CSEMA5F31C6
Info: 2020.10.10.13:47:39 Info: Loading my_first_hps-fpga_base
Info: 2020.10.10.13:47:40 Info: Reading input file
Info: 2020.10.10.13:47:40 Info: Adding clk_0 [clock_source 20.1]
Info: 2020.10.10.13:47:40 Info: Parameterizing module clk_0
Info: 2020.10.10.13:47:40 Info: Adding fpga_only_master [altera_jtag_avalon_master 20.1]
Info: 2020.10.10.13:47:40 Info: Parameterizing module fpga_only_master
Info: 2020.10.10.13:47:40 Info: Adding hps_0 [altera_hps 20.1]
Info: 2020.10.10.13:47:40 Info: Parameterizing module hps_0
Info: 2020.10.10.13:47:40 Info: Adding hps_only_master [altera_jtag_avalon_master 20.1]
Info: 2020.10.10.13:47:40 Info: Parameterizing module hps_only_master
Info: 2020.10.10.13:47:40 Info: Adding intr_capturer_0 [intr_capturer 100.99.98.97]
Info: 2020.10.10.13:47:40 Info: Parameterizing module intr_capturer_0
Info: 2020.10.10.13:47:40 Info: Adding jtag_uart [altera_avalon_jtag_uart 20.1]
Info: 2020.10.10.13:47:40 Info: Parameterizing module jtag_uart
Info: 2020.10.10.13:47:40 Info: Adding onchip_memory2_0 [altera_avalon_onchip_memory2 20.1]
Info: 2020.10.10.13:47:40 Info: Parameterizing module onchip_memory2_0
Info: 2020.10.10.13:47:40 Info: Adding sysid_qsys [altera_avalon_sysid_qsys 20.1]
Info: 2020.10.10.13:47:40 Info: Parameterizing module sysid_qsys
Info: 2020.10.10.13:47:40 Info: Building connections
Info: 2020.10.10.13:47:40 Info: Parameterizing connections
Info: 2020.10.10.13:47:40 Info: Validating
Info: 2020.10.10.13:47:54 Info: Done reading input file
Info: 2020.10.10.13:48:01 Info: soc_system.hps_0: HPS Main PLL counter settings: n = 0  m = 73
Info: 2020.10.10.13:48:01 Info: soc_system.hps_0: HPS peripherial PLL counter settings: n = 0  m = 39
Warning: 2020.10.10.13:48:01 Warning: soc_system.hps_0: "QSPI clock frequency" (desired_qspi_clk_mhz) requested 400.0 MHz, but only achieved 370.0 MHz
Warning: 2020.10.10.13:48:01 Warning: soc_system.hps_0: 1 or more output clock frequencies cannot be achieved precisely, consider revising desired output clock frequencies.
Info: 2020.10.10.13:48:01 Info: soc_system.jtag_uart: JTAG UART IP input clock need to be at least double (2x) the operating frequency of JTAG TCK on board
Info: 2020.10.10.13:48:01 Info: soc_system.sysid_qsys: System ID is not assigned automatically. Edit the System ID parameter to provide a unique ID
Info: 2020.10.10.13:48:01 Info: soc_system.sysid_qsys: Time stamp will be automatically updated when this component is generated.
Info: 2020.10.10.13:48:03 Info: soc_system: Generating soc_system "soc_system" for QUARTUS_SYNTH
Info: 2020.10.10.13:48:15 Info: Interconnect is inserted between master hps_only_master.master and slave hps_0.f2h_axi_slave because the master is of type avalon and the slave is of type axi.
Warning: 2020.10.10.13:48:17 Warning: hps_0.f2h_irq0: Cannot connect clock for irq_mapper.sender
Warning: 2020.10.10.13:48:17 Warning: hps_0.f2h_irq0: Cannot connect reset for irq_mapper.sender
Warning: 2020.10.10.13:48:17 Warning: hps_0.f2h_irq1: Cannot connect clock for irq_mapper_001.sender
Warning: 2020.10.10.13:48:17 Warning: hps_0.f2h_irq1: Cannot connect reset for irq_mapper_001.sender
Info: 2020.10.10.13:48:30 Info: fpga_only_master: "soc_system" instantiated altera_jtag_avalon_master "fpga_only_master"
Info: 2020.10.10.13:48:30 Info: hps_0: "Running  for module: hps_0"
Info: 2020.10.10.13:48:31 Info: hps_0: HPS Main PLL counter settings: n = 0  m = 73
Info: 2020.10.10.13:48:31 Info: hps_0: HPS peripherial PLL counter settings: n = 0  m = 39
Warning: 2020.10.10.13:48:31 Warning: hps_0: "QSPI clock frequency" (desired_qspi_clk_mhz) requested 400.0 MHz, but only achieved 370.0 MHz
Warning: 2020.10.10.13:48:31 Warning: hps_0: 1 or more output clock frequencies cannot be achieved precisely, consider revising desired output clock frequencies.
Info: 2020.10.10.13:48:37 Info: hps_0: "soc_system" instantiated altera_hps "hps_0"
Info: 2020.10.10.13:48:37 Info: intr_capturer_0: "soc_system" instantiated intr_capturer "intr_capturer_0"
Info: 2020.10.10.13:48:37 Info: jtag_uart: Starting RTL generation for module 'soc_system_jtag_uart'
Info: 2020.10.10.13:48:37 Info: jtag_uart:   Generation command is [exec C:/intelfpga/20.1/quartus/bin64/perl/bin/perl.exe -I C:/intelfpga/20.1/quartus/bin64/perl/lib -I C:/intelfpga/20.1/quartus/sopc_builder/bin/europa -I C:/intelfpga/20.1/quartus/sopc_builder/bin -I C:/intelfpga/20.1/quartus/../ip/altera/sopc_builder_ip/common -I C:/intelfpga/20.1/quartus/../ip/altera/sopc_builder_ip/altera_avalon_jtag_uart -- C:/intelfpga/20.1/quartus/../ip/altera/sopc_builder_ip/altera_avalon_jtag_uart/generate_rtl.pl --name=soc_system_jtag_uart --dir=C:/Users/troy/AppData/Local/Temp/alt8545_2995598998477360313.dir/0056_jtag_uart_gen/ --quartus_dir=C:/intelfpga/20.1/quartus --verilog --config=C:/Users/troy/AppData/Local/Temp/alt8545_2995598998477360313.dir/0056_jtag_uart_gen/
Info: 2020.10.10.13:48:38 Info: jtag_uart: Done RTL generation for module 'soc_system_jtag_uart'
Info: 2020.10.10.13:48:38 Info: jtag_uart: "soc_system" instantiated altera_avalon_jtag_uart "jtag_uart"
Info: 2020.10.10.13:48:38 Info: onchip_memory2_0: Starting RTL generation for module 'soc_system_onchip_memory2_0'
Info: 2020.10.10.13:48:38 Info: onchip_memory2_0:   Generation command is [exec C:/intelfpga/20.1/quartus/bin64/perl/bin/perl.exe -I C:/intelfpga/20.1/quartus/bin64/perl/lib -I C:/intelfpga/20.1/quartus/sopc_builder/bin/europa -I C:/intelfpga/20.1/quartus/sopc_builder/bin -I C:/intelfpga/20.1/quartus/../ip/altera/sopc_builder_ip/common -I C:/intelfpga/20.1/quartus/../ip/altera/sopc_builder_ip/altera_avalon_onchip_memory2 -- C:/intelfpga/20.1/quartus/../ip/altera/sopc_builder_ip/altera_avalon_onchip_memory2/generate_rtl.pl --name=soc_system_onchip_memory2_0 --dir=C:/Users/troy/AppData/Local/Temp/alt8545_2995598998477360313.dir/0057_onchip_memory2_0_gen/ --quartus_dir=C:/intelfpga/20.1/quartus --verilog --config=C:/Users/troy/AppData/Local/Temp/alt8545_2995598998477360313.dir/0057_onchip_memory2_0_gen/
Info: 2020.10.10.13:48:38 Info: onchip_memory2_0: Done RTL generation for module 'soc_system_onchip_memory2_0'
Info: 2020.10.10.13:48:38 Info: onchip_memory2_0: "soc_system" instantiated altera_avalon_onchip_memory2 "onchip_memory2_0"
Info: 2020.10.10.13:48:38 Info: sysid_qsys: "soc_system" instantiated altera_avalon_sysid_qsys "sysid_qsys"
Info: 2020.10.10.13:48:47 Info: avalon_st_adapter: Inserting error_adapter: error_adapter_0
Info: 2020.10.10.13:48:48 Info: avalon_st_adapter_001: Inserting error_adapter: error_adapter_0
Info: 2020.10.10.13:48:49 Info: avalon_st_adapter_002: Inserting error_adapter: error_adapter_0
Info: 2020.10.10.13:48:50 Info: avalon_st_adapter_003: Inserting error_adapter: error_adapter_0
Info: 2020.10.10.13:48:57 Info: mm_interconnect_0: "soc_system" instantiated altera_mm_interconnect "mm_interconnect_0"
Info: 2020.10.10.13:49:00 Info: mm_interconnect_1: "soc_system" instantiated altera_mm_interconnect "mm_interconnect_1"
Info: 2020.10.10.13:49:00 Info: irq_mapper: "soc_system" instantiated altera_irq_mapper "irq_mapper"
Info: 2020.10.10.13:49:00 Info: irq_mapper_001: "soc_system" instantiated altera_irq_mapper "irq_mapper_001"
Info: 2020.10.10.13:49:00 Info: rst_controller: "soc_system" instantiated altera_reset_controller "rst_controller"
Info: 2020.10.10.13:49:00 Info: jtag_phy_embedded_in_jtag_master: "fpga_only_master" instantiated altera_jtag_dc_streaming "jtag_phy_embedded_in_jtag_master"
Info: 2020.10.10.13:49:00 Info: timing_adt: "fpga_only_master" instantiated timing_adapter "timing_adt"
Info: 2020.10.10.13:49:00 Info: fifo: "fpga_only_master" instantiated altera_avalon_sc_fifo "fifo"
Info: 2020.10.10.13:49:00 Info: b2p: "fpga_only_master" instantiated altera_avalon_st_bytes_to_packets "b2p"
Info: 2020.10.10.13:49:00 Info: p2b: "fpga_only_master" instantiated altera_avalon_st_packets_to_bytes "p2b"
Info: 2020.10.10.13:49:00 Info: transacto: "fpga_only_master" instantiated altera_avalon_packets_to_master "transacto"
Info: 2020.10.10.13:49:00 Info: b2p_adapter: "fpga_only_master" instantiated channel_adapter "b2p_adapter"
Info: 2020.10.10.13:49:00 Info: p2b_adapter: "fpga_only_master" instantiated channel_adapter "p2b_adapter"
Info: 2020.10.10.13:49:00 Info: fpga_interfaces: "hps_0" instantiated altera_interface_generator "fpga_interfaces"
Info: 2020.10.10.13:49:03 Info: hps_io: "hps_0" instantiated altera_hps_io "hps_io"
Info: 2020.10.10.13:49:03 Info: fpga_only_master_master_translator: "mm_interconnect_0" instantiated altera_merlin_master_translator "fpga_only_master_master_translator"
Info: 2020.10.10.13:49:03 Info: onchip_memory2_0_s1_translator: "mm_interconnect_0" instantiated altera_merlin_slave_translator "onchip_memory2_0_s1_translator"
Info: 2020.10.10.13:49:03 Info: hps_0_h2f_axi_master_agent: "mm_interconnect_0" instantiated altera_merlin_axi_master_ni "hps_0_h2f_axi_master_agent"
Info: 2020.10.10.13:49:03 Info: fpga_only_master_master_agent: "mm_interconnect_0" instantiated altera_merlin_master_agent "fpga_only_master_master_agent"
Info: 2020.10.10.13:49:03 Info: onchip_memory2_0_s1_agent: "mm_interconnect_0" instantiated altera_merlin_slave_agent "onchip_memory2_0_s1_agent"
Info: 2020.10.10.13:49:03 Info: router: "mm_interconnect_0" instantiated altera_merlin_router "router"
Info: 2020.10.10.13:49:03 Info: router_002: "mm_interconnect_0" instantiated altera_merlin_router "router_002"
Info: 2020.10.10.13:49:03 Info: router_003: "mm_interconnect_0" instantiated altera_merlin_router "router_003"
Info: 2020.10.10.13:49:03 Info: router_005: "mm_interconnect_0" instantiated altera_merlin_router "router_005"
Info: 2020.10.10.13:49:03 Info: router_006: "mm_interconnect_0" instantiated altera_merlin_router "router_006"
Info: 2020.10.10.13:49:03 Info: router_007: "mm_interconnect_0" instantiated altera_merlin_router "router_007"
Info: 2020.10.10.13:49:03 Info: fpga_only_master_master_limiter: "mm_interconnect_0" instantiated altera_merlin_traffic_limiter "fpga_only_master_master_limiter"
Info: 2020.10.10.13:49:03 Info: Reusing file C:/Users/troy/Desktop/my_first_hps-fpga_base/soc_system/synthesis/submodules
Info: 2020.10.10.13:49:03 Info: Reusing file C:/Users/troy/Desktop/my_first_hps-fpga_base/soc_system/synthesis/submodules
Info: 2020.10.10.13:49:03 Info: onchip_memory2_0_s1_burst_adapter: "mm_interconnect_0" instantiated altera_merlin_burst_adapter "onchip_memory2_0_s1_burst_adapter"
Info: 2020.10.10.13:49:03 Info: Reusing file C:/Users/troy/Desktop/my_first_hps-fpga_base/soc_system/synthesis/submodules
Info: 2020.10.10.13:49:03 Info: Reusing file C:/Users/troy/Desktop/my_first_hps-fpga_base/soc_system/synthesis/submodules
Info: 2020.10.10.13:49:03 Info: Reusing file C:/Users/troy/Desktop/my_first_hps-fpga_base/soc_system/synthesis/submodules
Info: 2020.10.10.13:49:03 Info: cmd_demux: "mm_interconnect_0" instantiated altera_merlin_demultiplexer "cmd_demux"
Info: 2020.10.10.13:49:03 Info: cmd_demux_002: "mm_interconnect_0" instantiated altera_merlin_demultiplexer "cmd_demux_002"
Info: 2020.10.10.13:49:03 Info: cmd_demux_003: "mm_interconnect_0" instantiated altera_merlin_demultiplexer "cmd_demux_003"
Info: 2020.10.10.13:49:03 Info: cmd_mux: "mm_interconnect_0" instantiated altera_merlin_multiplexer "cmd_mux"
Info: 2020.10.10.13:49:03 Info: cmd_mux_001: "mm_interconnect_0" instantiated altera_merlin_multiplexer "cmd_mux_001"
Info: 2020.10.10.13:49:03 Info: Reusing file C:/Users/troy/Desktop/my_first_hps-fpga_base/soc_system/synthesis/submodules
Info: 2020.10.10.13:49:03 Info: cmd_mux_002: "mm_interconnect_0" instantiated altera_merlin_multiplexer "cmd_mux_002"
Info: 2020.10.10.13:49:03 Info: Reusing file C:/Users/troy/Desktop/my_first_hps-fpga_base/soc_system/synthesis/submodules
Info: 2020.10.10.13:49:03 Info: rsp_demux: "mm_interconnect_0" instantiated altera_merlin_demultiplexer "rsp_demux"
Info: 2020.10.10.13:49:03 Info: rsp_demux_001: "mm_interconnect_0" instantiated altera_merlin_demultiplexer "rsp_demux_001"
Info: 2020.10.10.13:49:03 Info: rsp_demux_002: "mm_interconnect_0" instantiated altera_merlin_demultiplexer "rsp_demux_002"
Info: 2020.10.10.13:49:03 Info: rsp_mux: "mm_interconnect_0" instantiated altera_merlin_multiplexer "rsp_mux"
Info: 2020.10.10.13:49:03 Info: Reusing file C:/Users/troy/Desktop/my_first_hps-fpga_base/soc_system/synthesis/submodules
Info: 2020.10.10.13:49:03 Info: rsp_mux_002: "mm_interconnect_0" instantiated altera_merlin_multiplexer "rsp_mux_002"
Info: 2020.10.10.13:49:03 Info: Reusing file C:/Users/troy/Desktop/my_first_hps-fpga_base/soc_system/synthesis/submodules
Info: 2020.10.10.13:49:03 Info: rsp_mux_003: "mm_interconnect_0" instantiated altera_merlin_multiplexer "rsp_mux_003"
Info: 2020.10.10.13:49:03 Info: Reusing file C:/Users/troy/Desktop/my_first_hps-fpga_base/soc_system/synthesis/submodules
Info: 2020.10.10.13:49:03 Info: fpga_only_master_master_to_onchip_memory2_0_s1_cmd_width_adapter: "mm_interconnect_0" instantiated altera_merlin_width_adapter "fpga_only_master_master_to_onchip_memory2_0_s1_cmd_width_adapter"
Info: 2020.10.10.13:49:03 Info: Reusing file C:/Users/troy/Desktop/my_first_hps-fpga_base/soc_system/synthesis/submodules
Info: 2020.10.10.13:49:03 Info: Reusing file C:/Users/troy/Desktop/my_first_hps-fpga_base/soc_system/synthesis/submodules
Info: 2020.10.10.13:49:06 Info: avalon_st_adapter: "mm_interconnect_0" instantiated altera_avalon_st_adapter "avalon_st_adapter"
Info: 2020.10.10.13:49:08 Info: avalon_st_adapter_001: "mm_interconnect_0" instantiated altera_avalon_st_adapter "avalon_st_adapter_001"
Info: 2020.10.10.13:49:08 Info: hps_0_f2h_axi_slave_agent: "mm_interconnect_1" instantiated altera_merlin_axi_slave_ni "hps_0_f2h_axi_slave_agent"
Info: 2020.10.10.13:49:08 Info: Reusing file C:/Users/troy/Desktop/my_first_hps-fpga_base/soc_system/synthesis/submodules
Info: 2020.10.10.13:49:08 Info: Reusing file C:/Users/troy/Desktop/my_first_hps-fpga_base/soc_system/synthesis/submodules
Info: 2020.10.10.13:49:08 Info: Reusing file C:/Users/troy/Desktop/my_first_hps-fpga_base/soc_system/synthesis/submodules
Info: 2020.10.10.13:49:08 Info: router: "mm_interconnect_1" instantiated altera_merlin_router "router"
Info: 2020.10.10.13:49:08 Info: router_001: "mm_interconnect_1" instantiated altera_merlin_router "router_001"
Info: 2020.10.10.13:49:08 Info: cmd_demux: "mm_interconnect_1" instantiated altera_merlin_demultiplexer "cmd_demux"
Info: 2020.10.10.13:49:08 Info: cmd_mux: "mm_interconnect_1" instantiated altera_merlin_multiplexer "cmd_mux"
Info: 2020.10.10.13:49:08 Info: Reusing file C:/Users/troy/Desktop/my_first_hps-fpga_base/soc_system/synthesis/submodules
Info: 2020.10.10.13:49:08 Info: rsp_demux: "mm_interconnect_1" instantiated altera_merlin_demultiplexer "rsp_demux"
Info: 2020.10.10.13:49:08 Info: rsp_mux: "mm_interconnect_1" instantiated altera_merlin_multiplexer "rsp_mux"
Info: 2020.10.10.13:49:08 Info: Reusing file C:/Users/troy/Desktop/my_first_hps-fpga_base/soc_system/synthesis/submodules
Info: 2020.10.10.13:49:35 Info: border: "hps_io" instantiated altera_interface_generator "border"
Info: 2020.10.10.13:49:35 Info: error_adapter_0: "avalon_st_adapter" instantiated error_adapter "error_adapter_0"
Info: 2020.10.10.13:49:35 Info: error_adapter_0: "avalon_st_adapter_001" instantiated error_adapter "error_adapter_0"
Info: 2020.10.10.13:49:35 Info: soc_system: Done "soc_system" with 60 modules, 126 files
Info: 2020.10.10.13:49:36 Info: qsys-generate succeeded.
Info: 2020.10.10.13:49:36 Info: Finished: Create HDL design files for synthesis
Info (11131): Completed upgrading IP component In-System Sources and Probes with file "ip/altsource_probe/hps_reset.v"
Info (11131): Completed upgrading IP component Qsys with file "soc_system.qsys"
Info (23030): Evaluation of Tcl script c:/intelfpga/20.1/quartus/common/tcl/internal/ip_regen/ip_regen.tcl was successful
Info: Quartus Prime Shell was successful. 0 errors, 23 warnings
    Info: Peak virtual memory: 4780 megabytes
    Info: Processing ended: Sat Oct 10 13:49:56 2020
    Info: Elapsed time: 00:05:28
    Info: Total CPU time (on all processors): 00:06:09


